b:\git_depot\log2410\tp5\tp5-a17\x64\debug\vc141.pdb
b:\git_depot\log2410\tp5\tp5-a17\x64\debug\vc141.idb
b:\git_depot\log2410\tp5\tp5-a17\x64\debug\audiofile.obj
b:\git_depot\log2410\tp5\tp5-a17\x64\debug\chunkiterator.obj
b:\git_depot\log2410\tp5\tp5-a17\x64\debug\commandexecutor.obj
b:\git_depot\log2410\tp5\tp5-a17\x64\debug\compositetransform.obj
b:\git_depot\log2410\tp5\tp5-a17\x64\debug\filechecksumcalculator.obj
b:\git_depot\log2410\tp5\tp5-a17\x64\debug\filestringfindreplace.obj
b:\git_depot\log2410\tp5\tp5-a17\x64\debug\memaudiofile.obj
b:\git_depot\log2410\tp5\tp5-a17\x64\debug\repeattransform.obj
b:\git_depot\log2410\tp5\tp5-a17\x64\debug\inverttransform.obj
b:\git_depot\log2410\tp5\tp5-a17\x64\debug\main.obj
b:\git_depot\log2410\tp5\tp5-a17\x64\debug\stringfindreplacecommand.obj
b:\git_depot\log2410\tp5\tp5-a17\x64\debug\test_tp5.obj
b:\git_depot\log2410\tp5\tp5-a17\x64\debug\checksumcommand.obj
b:\git_depot\log2410\tp5\tp5-a17\x64\debug\transformcommand.obj
b:\git_depot\log2410\tp5\tp5-a17\x64\debug\polysonor.ilk
b:\git_depot\log2410\tp5\tp5-a17\x64\debug\polysonor.exe
b:\git_depot\log2410\tp5\tp5-a17\x64\debug\polysonor.pdb
b:\git_depot\log2410\tp5\tp5-a17\x64\debug\polysonor.tlog\cl.command.1.tlog
b:\git_depot\log2410\tp5\tp5-a17\x64\debug\polysonor.tlog\cl.read.1.tlog
b:\git_depot\log2410\tp5\tp5-a17\x64\debug\polysonor.tlog\cl.write.1.tlog
b:\git_depot\log2410\tp5\tp5-a17\x64\debug\polysonor.tlog\link.command.1.tlog
b:\git_depot\log2410\tp5\tp5-a17\x64\debug\polysonor.tlog\link.read.1.tlog
b:\git_depot\log2410\tp5\tp5-a17\x64\debug\polysonor.tlog\link.write.1.tlog
